<?xml version="1.0" encoding="UTF-8"?>
<testng-results ignored="0" total="1" passed="1" failed="0" skipped="0">
  <reporter-output>
  </reporter-output>
  <suite started-at="2024-03-18T07:41:59 IST" name="Default suite" finished-at="2024-03-18T07:42:51 IST" duration-ms="51718">
    <groups>
      <group name="cucumber">
        <method signature="AbstractTestNGCucumberTests.runScenario(io.cucumber.testng.PickleWrapper,io.cucumber.testng.FeatureWrapper)[pri:0, instance:runnerClass.RunnerIO2@231f98ef]" name="runScenario" class="io.cucumber.testng.AbstractTestNGCucumberTests"/>
      </group> <!-- cucumber -->
    </groups>
    <test started-at="2024-03-18T07:41:59 IST" name="Default test" finished-at="2024-03-18T07:42:51 IST" duration-ms="51718">
      <class name="runnerClass.RunnerIO2">
        <test-method is-config="true" signature="setUpClass(org.testng.ITestContext)[pri:0, instance:runnerClass.RunnerIO2@231f98ef]" started-at="2024-03-18T07:41:59 IST" name="setUpClass" finished-at="2024-03-18T07:42:00 IST" duration-ms="355" status="PASS">
          <params>
            <param index="0">
              <value>
                <![CDATA[org.testng.TestRunner@39dec536]]>
              </value>
            </param>
          </params>
          <reporter-output>
          </reporter-output>
        </test-method> <!-- setUpClass -->
        <test-method signature="runScenario(io.cucumber.testng.PickleWrapper,io.cucumber.testng.FeatureWrapper)[pri:0, instance:runnerClass.RunnerIO2@231f98ef]" started-at="2024-03-18T07:42:00 IST" name="runScenario" description="Runs Cucumber Scenarios" data-provider="scenarios" finished-at="2024-03-18T07:42:51 IST" duration-ms="51282" status="PASS">
          <params>
            <param index="0">
              <value>
                <![CDATA["Create a new Contact in Contact section after logging in successfully"]]>
              </value>
            </param>
            <param index="1">
              <value>
                <![CDATA["Create new contact"]]>
              </value>
            </param>
          </params>
          <reporter-output>
          </reporter-output>
        </test-method> <!-- runScenario -->
        <test-method is-config="true" signature="tearDownClass()[pri:0, instance:runnerClass.RunnerIO2@231f98ef]" started-at="2024-03-18T07:42:51 IST" name="tearDownClass" finished-at="2024-03-18T07:42:51 IST" duration-ms="6" status="PASS">
          <reporter-output>
          </reporter-output>
        </test-method> <!-- tearDownClass -->
      </class> <!-- runnerClass.RunnerIO2 -->
    </test> <!-- Default test -->
  </suite> <!-- Default suite -->
</testng-results>
